Base path: C:/Program Files/Unity/Hub/Editor/2018.2.3f1/Editor/Data
Cmd: initializeCompiler
Cmd: disassembleShader
  api=4 insize=1666 outsize=2954 ok=1
Cmd: disassembleShader
  api=4 insize=4038 outsize=6474 ok=1
Cmd: disassembleShader
  api=4 insize=1518 outsize=2625 ok=1
Cmd: disassembleShader
  api=4 insize=4362 outsize=6852 ok=1
Cmd: disassembleShader
  api=4 insize=826 outsize=1525 ok=1
Cmd: disassembleShader
  api=4 insize=222 outsize=701 ok=1
Cmd: disassembleShader
  api=4 insize=222 outsize=701 ok=1
Cmd: disassembleShader
  api=4 insize=562 outsize=1301 ok=1
Cmd: disassembleShader
  api=4 insize=1518 outsize=2625 ok=1
Cmd: disassembleShader
  api=4 insize=1518 outsize=2625 ok=1
Cmd: disassembleShader
  api=4 insize=38990 outsize=60081 ok=1
Cmd: disassembleShader
  api=4 insize=40778 outsize=62509 ok=1
Cmd: disassembleShader
  api=4 insize=65558 outsize=109977 ok=1
Cmd: initializeCompiler
Cmd: disassembleShader
  api=4 insize=1666 outsize=2954 ok=1
Cmd: compileSnippet
  api=4 type=0 insize=36833 outsize=922 kw=DIRLIGHTMAP_COMBINED pd=UNITY_ENABLE_REFLECTION_BUFFERS UNITY_USE_DITHER_MASK_FOR_ALPHABLENDED_SHADOWS UNITY_PBS_USE_BRDF1 UNITY_SPECCUBE_BOX_PROJECTION UNITY_SPECCUBE_BLENDING UNITY_ENABLE_DETAIL_NORMALMAP SHADER_API_DESKTOP UNITY_LIGHT_PROBE_PROXY_VOLUME UNITY_LIGHTMAP_FULL_HDR ok=1
Cmd: disassembleShader
  api=4 insize=922 outsize=1684 ok=1
Cmd: disassembleShader
  api=4 insize=1834 outsize=2926 ok=1
Cmd: disassembleShader
  api=4 insize=562 outsize=1301 ok=1
Cmd: compileSnippet
  api=4 type=0 insize=37765 outsize=1462 kw=DIRLIGHTMAP_COMBINED USE_FPTL_LIGHTLIST LIGHTLOOP_TILE_PASS pd=UNITY_ENABLE_REFLECTION_BUFFERS UNITY_USE_DITHER_MASK_FOR_ALPHABLENDED_SHADOWS UNITY_PBS_USE_BRDF1 UNITY_SPECCUBE_BOX_PROJECTION UNITY_SPECCUBE_BLENDING UNITY_ENABLE_DETAIL_NORMALMAP SHADER_API_DESKTOP UNITY_LIGHT_PROBE_PROXY_VOLUME UNITY_LIGHTMAP_FULL_HDR ok=1
Cmd: disassembleShader
  api=4 insize=1462 outsize=2505 ok=1
Cmd: compileSnippet
  api=4 type=0 insize=37765 outsize=1462 kw=DEBUG_DISPLAY USE_CLUSTERED_LIGHTLIST LIGHTLOOP_SINGLE_PASS pd=UNITY_ENABLE_REFLECTION_BUFFERS UNITY_USE_DITHER_MASK_FOR_ALPHABLENDED_SHADOWS UNITY_PBS_USE_BRDF1 UNITY_SPECCUBE_BOX_PROJECTION UNITY_SPECCUBE_BLENDING UNITY_ENABLE_DETAIL_NORMALMAP SHADER_API_DESKTOP UNITY_LIGHT_PROBE_PROXY_VOLUME UNITY_LIGHTMAP_FULL_HDR ok=1
Cmd: disassembleShader
  api=4 insize=1462 outsize=2505 ok=1
Cmd: compileSnippet
  error: 1 plat 4 at CoreRP/ShaderLibrary/AreaLighting.hlsl(24): floating point division by zero\nCompiling Fragment program with USE_CLUSTERED_LIGHTLIST LIGHTLOOP_SINGLE_PASS
Platform defines: UNITY_ENABLE_REFLECTION_BUFFERS UNITY_USE_DITHER_MASK_FOR_ALPHABLENDED_SHADOWS UNITY_PBS_USE_BRDF1 UNITY_SPECCUBE_BOX_PROJECTION UNITY_SPECCUBE_BLENDING UNITY_ENABLE_DETAIL_NORMALMAP SHADER_API_DESKTOP UNITY_LIGHT_PROBE_PROXY_VOLUME UNITY_LIGHTMAP_FULL_HDR
  error: 1 plat 4 at CoreRP/ShaderLibrary/AreaLighting.hlsl(150): floating point division by zero\nCompiling Fragment program with USE_CLUSTERED_LIGHTLIST LIGHTLOOP_SINGLE_PASS
Platform defines: UNITY_ENABLE_REFLECTION_BUFFERS UNITY_USE_DITHER_MASK_FOR_ALPHABLENDED_SHADOWS UNITY_PBS_USE_BRDF1 UNITY_SPECCUBE_BOX_PROJECTION UNITY_SPECCUBE_BLENDING UNITY_ENABLE_DETAIL_NORMALMAP SHADER_API_DESKTOP UNITY_LIGHT_PROBE_PROXY_VOLUME UNITY_LIGHTMAP_FULL_HDR
  error: 1 plat 4 at Lit/Lit.hlsl(932): floating point division by zero\nCompiling Fragment program with USE_CLUSTERED_LIGHTLIST LIGHTLOOP_SINGLE_PASS
Platform defines: UNITY_ENABLE_REFLECTION_BUFFERS UNITY_USE_DITHER_MASK_FOR_ALPHABLENDED_SHADOWS UNITY_PBS_USE_BRDF1 UNITY_SPECCUBE_BOX_PROJECTION UNITY_SPECCUBE_BLENDING UNITY_ENABLE_DETAIL_NORMALMAP SHADER_API_DESKTOP UNITY_LIGHT_PROBE_PROXY_VOLUME UNITY_LIGHTMAP_FULL_HDR
  api=4 type=1 insize=37765 outsize=18370 kw=USE_CLUSTERED_LIGHTLIST LIGHTLOOP_SINGLE_PASS pd=UNITY_ENABLE_REFLECTION_BUFFERS UNITY_USE_DITHER_MASK_FOR_ALPHABLENDED_SHADOWS UNITY_PBS_USE_BRDF1 UNITY_SPECCUBE_BOX_PROJECTION UNITY_SPECCUBE_BLENDING UNITY_ENABLE_DETAIL_NORMALMAP SHADER_API_DESKTOP UNITY_LIGHT_PROBE_PROXY_VOLUME UNITY_LIGHTMAP_FULL_HDR ok=1
Cmd: disassembleShader
  api=4 insize=18370 outsize=29570 ok=1
Cmd: compileSnippet
  error: 1 plat 4 at CoreRP/ShaderLibrary/AreaLighting.hlsl(24): floating point division by zero\nCompiling Fragment program with DEBUG_DISPLAY USE_CLUSTERED_LIGHTLIST LIGHTLOOP_SINGLE_PASS
Platform defines: UNITY_ENABLE_REFLECTION_BUFFERS UNITY_USE_DITHER_MASK_FOR_ALPHABLENDED_SHADOWS UNITY_PBS_USE_BRDF1 UNITY_SPECCUBE_BOX_PROJECTION UNITY_SPECCUBE_BLENDING UNITY_ENABLE_DETAIL_NORMALMAP SHADER_API_DESKTOP UNITY_LIGHT_PROBE_PROXY_VOLUME UNITY_LIGHTMAP_FULL_HDR
  error: 1 plat 4 at CoreRP/ShaderLibrary/AreaLighting.hlsl(150): floating point division by zero\nCompiling Fragment program with DEBUG_DISPLAY USE_CLUSTERED_LIGHTLIST LIGHTLOOP_SINGLE_PASS
Platform defines: UNITY_ENABLE_REFLECTION_BUFFERS UNITY_USE_DITHER_MASK_FOR_ALPHABLENDED_SHADOWS UNITY_PBS_USE_BRDF1 UNITY_SPECCUBE_BOX_PROJECTION UNITY_SPECCUBE_BLENDING UNITY_ENABLE_DETAIL_NORMALMAP SHADER_API_DESKTOP UNITY_LIGHT_PROBE_PROXY_VOLUME UNITY_LIGHTMAP_FULL_HDR
  error: 1 plat 4 at Lit/Lit.hlsl(932): floating point division by zero\nCompiling Fragment program with DEBUG_DISPLAY USE_CLUSTERED_LIGHTLIST LIGHTLOOP_SINGLE_PASS
Platform defines: UNITY_ENABLE_REFLECTION_BUFFERS UNITY_USE_DITHER_MASK_FOR_ALPHABLENDED_SHADOWS UNITY_PBS_USE_BRDF1 UNITY_SPECCUBE_BOX_PROJECTION UNITY_SPECCUBE_BLENDING UNITY_ENABLE_DETAIL_NORMALMAP SHADER_API_DESKTOP UNITY_LIGHT_PROBE_PROXY_VOLUME UNITY_LIGHTMAP_FULL_HDR
  api=4 type=1 insize=37765 outsize=38958 kw=DEBUG_DISPLAY USE_CLUSTERED_LIGHTLIST LIGHTLOOP_SINGLE_PASS pd=UNITY_ENABLE_REFLECTION_BUFFERS UNITY_USE_DITHER_MASK_FOR_ALPHABLENDED_SHADOWS UNITY_PBS_USE_BRDF1 UNITY_SPECCUBE_BOX_PROJECTION UNITY_SPECCUBE_BLENDING UNITY_ENABLE_DETAIL_NORMALMAP SHADER_API_DESKTOP UNITY_LIGHT_PROBE_PROXY_VOLUME UNITY_LIGHTMAP_FULL_HDR ok=1
Cmd: disassembleShader
  api=4 insize=38958 outsize=68773 ok=1
Cmd: initializeCompiler
Cmd: initializeCompiler
Cmd: initializeCompiler
Cmd: initializeCompiler
Cmd: initializeCompiler
Cmd: initializeCompiler
Cmd: initializeCompiler
Cmd: disassembleShader
  api=4 insize=1666 outsize=2954 ok=1
Cmd: disassembleShader
  api=4 insize=922 outsize=1684 ok=1
Cmd: disassembleShader
  api=4 insize=2150 outsize=3924 ok=1
Cmd: disassembleShader
  api=4 insize=222 outsize=701 ok=1
Cmd: disassembleShader
  api=4 insize=222 outsize=701 ok=1
Cmd: disassembleShader
  api=4 insize=1462 outsize=2505 ok=1
Cmd: disassembleShader
  api=4 insize=1462 outsize=2505 ok=1
Cmd: disassembleShader
  api=4 insize=18370 outsize=29570 ok=1
Cmd: disassembleShader
  api=4 insize=19930 outsize=31883 ok=1
Cmd: disassembleShader
  api=4 insize=39762 outsize=70132 ok=1
Cmd: initializeCompiler
Cmd: initializeCompiler
Cmd: initializeCompiler
Cmd: initializeCompiler
Cmd: initializeCompiler
Cmd: initializeCompiler
Cmd: initializeCompiler
Cmd: initializeCompiler
Cmd: initializeCompiler
Cmd: initializeCompiler
Cmd: initializeCompiler
Cmd: initializeCompiler
Cmd: initializeCompiler
Cmd: initializeCompiler
